Classic Timing Analyzer report for div_frec
Fri Oct 02 08:24:59 2015
Quartus II Version 9.0 Build 235 06/17/2009 Service Pack 2 SJ Web Edition


---------------------
; Table of Contents ;
---------------------
  1. Legal Notice
  2. Timing Analyzer Summary
  3. Timing Analyzer Settings
  4. Clock Settings Summary
  5. Parallel Compilation
  6. Clock Setup: 'clk'
  7. tco
  8. Timing Analyzer Messages



----------------
; Legal Notice ;
----------------
Copyright (C) 1991-2009 Altera Corporation
Your use of Altera Corporation's design tools, logic functions 
and other software and tools, and its AMPP partner logic 
functions, and any output files from any of the foregoing 
(including device programming or simulation files), and any 
associated documentation or information are expressly subject 
to the terms and conditions of the Altera Program License 
Subscription Agreement, Altera MegaCore Function License 
Agreement, or other applicable license agreement, including, 
without limitation, that your use is for the sole purpose of 
programming logic devices manufactured by Altera and sold by 
Altera or its authorized distributors.  Please refer to the 
applicable agreement for further details.



+--------------------------------------------------------------------------------------------------------------------------------------------------------------+
; Timing Analyzer Summary                                                                                                                                      ;
+------------------------------+-------+---------------+----------------------------------+--------------+--------------+------------+----------+--------------+
; Type                         ; Slack ; Required Time ; Actual Time                      ; From         ; To           ; From Clock ; To Clock ; Failed Paths ;
+------------------------------+-------+---------------+----------------------------------+--------------+--------------+------------+----------+--------------+
; Worst-case tco               ; N/A   ; None          ; 7.694 ns                         ; clk_div~reg0 ; clk_div      ; clk        ; --       ; 0            ;
; Clock Setup: 'clk'           ; N/A   ; None          ; 207.68 MHz ( period = 4.815 ns ) ; contador[0]  ; contador[24] ; clk        ; clk      ; 0            ;
; Total number of failed paths ;       ;               ;                                  ;              ;              ;            ;          ; 0            ;
+------------------------------+-------+---------------+----------------------------------+--------------+--------------+------------+----------+--------------+


+--------------------------------------------------------------------------------------------------------------------+
; Timing Analyzer Settings                                                                                           ;
+---------------------------------------------------------------------+--------------------+------+----+-------------+
; Option                                                              ; Setting            ; From ; To ; Entity Name ;
+---------------------------------------------------------------------+--------------------+------+----+-------------+
; Device Name                                                         ; EP2C20F484C7       ;      ;    ;             ;
; Timing Models                                                       ; Final              ;      ;    ;             ;
; Default hold multicycle                                             ; Same as Multicycle ;      ;    ;             ;
; Cut paths between unrelated clock domains                           ; On                 ;      ;    ;             ;
; Cut off read during write signal paths                              ; On                 ;      ;    ;             ;
; Cut off feedback from I/O pins                                      ; On                 ;      ;    ;             ;
; Report Combined Fast/Slow Timing                                    ; Off                ;      ;    ;             ;
; Ignore Clock Settings                                               ; Off                ;      ;    ;             ;
; Analyze latches as synchronous elements                             ; On                 ;      ;    ;             ;
; Enable Recovery/Removal analysis                                    ; Off                ;      ;    ;             ;
; Enable Clock Latency                                                ; Off                ;      ;    ;             ;
; Use TimeQuest Timing Analyzer                                       ; Off                ;      ;    ;             ;
; Minimum Core Junction Temperature                                   ; 0                  ;      ;    ;             ;
; Maximum Core Junction Temperature                                   ; 85                 ;      ;    ;             ;
; Number of source nodes to report per destination node               ; 10                 ;      ;    ;             ;
; Number of destination nodes to report                               ; 10                 ;      ;    ;             ;
; Number of paths to report                                           ; 200                ;      ;    ;             ;
; Report Minimum Timing Checks                                        ; Off                ;      ;    ;             ;
; Use Fast Timing Models                                              ; Off                ;      ;    ;             ;
; Report IO Paths Separately                                          ; Off                ;      ;    ;             ;
; Perform Multicorner Analysis                                        ; On                 ;      ;    ;             ;
; Reports the worst-case path for each clock domain and analysis      ; Off                ;      ;    ;             ;
; Removes common clock path pessimism (CCPP) during slack computation ; Off                ;      ;    ;             ;
; Output I/O Timing Endpoint                                          ; Near End           ;      ;    ;             ;
+---------------------------------------------------------------------+--------------------+------+----+-------------+


+------------------------------------------------------------------------------------------------------------------------------------------------------------------------------------+
; Clock Settings Summary                                                                                                                                                             ;
+-----------------+--------------------+----------+------------------+---------------+--------------+----------+-----------------------+---------------------+--------+--------------+
; Clock Node Name ; Clock Setting Name ; Type     ; Fmax Requirement ; Early Latency ; Late Latency ; Based on ; Multiply Base Fmax by ; Divide Base Fmax by ; Offset ; Phase offset ;
+-----------------+--------------------+----------+------------------+---------------+--------------+----------+-----------------------+---------------------+--------+--------------+
; clk             ;                    ; User Pin ; None             ; 0.000 ns      ; 0.000 ns     ; --       ; N/A                   ; N/A                 ; N/A    ;              ;
+-----------------+--------------------+----------+------------------+---------------+--------------+----------+-----------------------+---------------------+--------+--------------+


Parallel compilation was disabled, but you have multiple processors available. Enable parallel compilation to reduce compilation time.
+-------------------------------------+
; Parallel Compilation                ;
+----------------------------+--------+
; Processors                 ; Number ;
+----------------------------+--------+
; Number detected on machine ; 2      ;
; Maximum allowed            ; 1      ;
+----------------------------+--------+


+-----------------------------------------------------------------------------------------------------------------------------------------------------------------------------------------------------------------------------------------+
; Clock Setup: 'clk'                                                                                                                                                                                                                      ;
+-----------------------------------------+-----------------------------------------------------+--------------+--------------+------------+----------+-----------------------------+---------------------------+-------------------------+
; Slack                                   ; Actual fmax (period)                                ; From         ; To           ; From Clock ; To Clock ; Required Setup Relationship ; Required Longest P2P Time ; Actual Longest P2P Time ;
+-----------------------------------------+-----------------------------------------------------+--------------+--------------+------------+----------+-----------------------------+---------------------------+-------------------------+
; N/A                                     ; 207.68 MHz ( period = 4.815 ns )                    ; contador[0]  ; contador[24] ; clk        ; clk      ; None                        ; None                      ; 4.576 ns                ;
; N/A                                     ; 211.06 MHz ( period = 4.738 ns )                    ; contador[1]  ; contador[24] ; clk        ; clk      ; None                        ; None                      ; 4.499 ns                ;
; N/A                                     ; 214.45 MHz ( period = 4.663 ns )                    ; contador[2]  ; contador[24] ; clk        ; clk      ; None                        ; None                      ; 4.424 ns                ;
; N/A                                     ; 216.45 MHz ( period = 4.620 ns )                    ; contador[3]  ; contador[24] ; clk        ; clk      ; None                        ; None                      ; 4.381 ns                ;
; N/A                                     ; 218.77 MHz ( period = 4.571 ns )                    ; contador[6]  ; contador[24] ; clk        ; clk      ; None                        ; None                      ; 4.332 ns                ;
; N/A                                     ; 219.83 MHz ( period = 4.549 ns )                    ; contador[1]  ; contador[22] ; clk        ; clk      ; None                        ; None                      ; 4.306 ns                ;
; N/A                                     ; 219.88 MHz ( period = 4.548 ns )                    ; contador[1]  ; contador[20] ; clk        ; clk      ; None                        ; None                      ; 4.305 ns                ;
; N/A                                     ; 220.17 MHz ( period = 4.542 ns )                    ; contador[1]  ; contador[21] ; clk        ; clk      ; None                        ; None                      ; 4.299 ns                ;
; N/A                                     ; 222.02 MHz ( period = 4.504 ns )                    ; contador[4]  ; contador[24] ; clk        ; clk      ; None                        ; None                      ; 4.265 ns                ;
; N/A                                     ; 224.22 MHz ( period = 4.460 ns )                    ; contador[5]  ; contador[24] ; clk        ; clk      ; None                        ; None                      ; 4.221 ns                ;
; N/A                                     ; 225.23 MHz ( period = 4.440 ns )                    ; contador[2]  ; contador[22] ; clk        ; clk      ; None                        ; None                      ; 4.197 ns                ;
; N/A                                     ; 225.28 MHz ( period = 4.439 ns )                    ; contador[2]  ; contador[20] ; clk        ; clk      ; None                        ; None                      ; 4.196 ns                ;
; N/A                                     ; 225.58 MHz ( period = 4.433 ns )                    ; contador[2]  ; contador[21] ; clk        ; clk      ; None                        ; None                      ; 4.190 ns                ;
; N/A                                     ; 226.76 MHz ( period = 4.410 ns )                    ; contador[4]  ; contador[22] ; clk        ; clk      ; None                        ; None                      ; 4.167 ns                ;
; N/A                                     ; 226.81 MHz ( period = 4.409 ns )                    ; contador[4]  ; contador[20] ; clk        ; clk      ; None                        ; None                      ; 4.166 ns                ;
; N/A                                     ; 227.12 MHz ( period = 4.403 ns )                    ; contador[4]  ; contador[21] ; clk        ; clk      ; None                        ; None                      ; 4.160 ns                ;
; N/A                                     ; 229.57 MHz ( period = 4.356 ns )                    ; contador[0]  ; contador[19] ; clk        ; clk      ; None                        ; None                      ; 4.113 ns                ;
; N/A                                     ; 229.89 MHz ( period = 4.350 ns )                    ; contador[1]  ; contador[16] ; clk        ; clk      ; None                        ; None                      ; 4.107 ns                ;
; N/A                                     ; 229.94 MHz ( period = 4.349 ns )                    ; contador[0]  ; contador[22] ; clk        ; clk      ; None                        ; None                      ; 4.106 ns                ;
; N/A                                     ; 229.94 MHz ( period = 4.349 ns )                    ; contador[1]  ; contador[19] ; clk        ; clk      ; None                        ; None                      ; 4.106 ns                ;
; N/A                                     ; 230.10 MHz ( period = 4.346 ns )                    ; contador[1]  ; contador[18] ; clk        ; clk      ; None                        ; None                      ; 4.103 ns                ;
; N/A                                     ; 231.21 MHz ( period = 4.325 ns )                    ; contador[20] ; contador[22] ; clk        ; clk      ; None                        ; None                      ; 4.086 ns                ;
; N/A                                     ; 231.27 MHz ( period = 4.324 ns )                    ; contador[20] ; contador[20] ; clk        ; clk      ; None                        ; None                      ; 4.085 ns                ;
; N/A                                     ; 231.27 MHz ( period = 4.324 ns )                    ; contador[20] ; contador[16] ; clk        ; clk      ; None                        ; None                      ; 4.085 ns                ;
; N/A                                     ; 231.32 MHz ( period = 4.323 ns )                    ; contador[20] ; contador[19] ; clk        ; clk      ; None                        ; None                      ; 4.084 ns                ;
; N/A                                     ; 231.43 MHz ( period = 4.321 ns )                    ; contador[20] ; contador[21] ; clk        ; clk      ; None                        ; None                      ; 4.082 ns                ;
; N/A                                     ; 231.48 MHz ( period = 4.320 ns )                    ; contador[0]  ; contador[31] ; clk        ; clk      ; None                        ; None                      ; 4.078 ns                ;
; N/A                                     ; 231.48 MHz ( period = 4.320 ns )                    ; contador[20] ; contador[18] ; clk        ; clk      ; None                        ; None                      ; 4.081 ns                ;
; N/A                                     ; 232.88 MHz ( period = 4.294 ns )                    ; contador[22] ; contador[22] ; clk        ; clk      ; None                        ; None                      ; 4.055 ns                ;
; N/A                                     ; 232.94 MHz ( period = 4.293 ns )                    ; contador[22] ; contador[20] ; clk        ; clk      ; None                        ; None                      ; 4.054 ns                ;
; N/A                                     ; 232.94 MHz ( period = 4.293 ns )                    ; contador[22] ; contador[16] ; clk        ; clk      ; None                        ; None                      ; 4.054 ns                ;
; N/A                                     ; 232.99 MHz ( period = 4.292 ns )                    ; contador[22] ; contador[19] ; clk        ; clk      ; None                        ; None                      ; 4.053 ns                ;
; N/A                                     ; 233.10 MHz ( period = 4.290 ns )                    ; contador[22] ; contador[21] ; clk        ; clk      ; None                        ; None                      ; 4.051 ns                ;
; N/A                                     ; 233.15 MHz ( period = 4.289 ns )                    ; contador[22] ; contador[18] ; clk        ; clk      ; None                        ; None                      ; 4.050 ns                ;
; N/A                                     ; 233.54 MHz ( period = 4.282 ns )                    ; contador[0]  ; contador[21] ; clk        ; clk      ; None                        ; None                      ; 4.039 ns                ;
; N/A                                     ; 233.97 MHz ( period = 4.274 ns )                    ; contador[0]  ; contador[18] ; clk        ; clk      ; None                        ; None                      ; 4.031 ns                ;
; N/A                                     ; 234.14 MHz ( period = 4.271 ns )                    ; contador[7]  ; contador[24] ; clk        ; clk      ; None                        ; None                      ; 4.032 ns                ;
; N/A                                     ; 235.68 MHz ( period = 4.243 ns )                    ; contador[1]  ; contador[31] ; clk        ; clk      ; None                        ; None                      ; 4.001 ns                ;
; N/A                                     ; 235.79 MHz ( period = 4.241 ns )                    ; contador[2]  ; contador[16] ; clk        ; clk      ; None                        ; None                      ; 3.998 ns                ;
; N/A                                     ; 235.85 MHz ( period = 4.240 ns )                    ; contador[0]  ; contador[30] ; clk        ; clk      ; None                        ; None                      ; 3.998 ns                ;
; N/A                                     ; 235.85 MHz ( period = 4.240 ns )                    ; contador[2]  ; contador[19] ; clk        ; clk      ; None                        ; None                      ; 3.997 ns                ;
; N/A                                     ; 236.02 MHz ( period = 4.237 ns )                    ; contador[2]  ; contador[18] ; clk        ; clk      ; None                        ; None                      ; 3.994 ns                ;
; N/A                                     ; 237.47 MHz ( period = 4.211 ns )                    ; contador[4]  ; contador[16] ; clk        ; clk      ; None                        ; None                      ; 3.968 ns                ;
; N/A                                     ; 237.53 MHz ( period = 4.210 ns )                    ; contador[4]  ; contador[19] ; clk        ; clk      ; None                        ; None                      ; 3.967 ns                ;
; N/A                                     ; 237.70 MHz ( period = 4.207 ns )                    ; contador[4]  ; contador[18] ; clk        ; clk      ; None                        ; None                      ; 3.964 ns                ;
; N/A                                     ; 237.93 MHz ( period = 4.203 ns )                    ; contador[0]  ; contador[20] ; clk        ; clk      ; None                        ; None                      ; 3.960 ns                ;
; N/A                                     ; 239.92 MHz ( period = 4.168 ns )                    ; contador[2]  ; contador[31] ; clk        ; clk      ; None                        ; None                      ; 3.926 ns                ;
; N/A                                     ; 240.21 MHz ( period = 4.163 ns )                    ; contador[1]  ; contador[30] ; clk        ; clk      ; None                        ; None                      ; 3.921 ns                ;
; N/A                                     ; 240.33 MHz ( period = 4.161 ns )                    ; contador[3]  ; contador[19] ; clk        ; clk      ; None                        ; None                      ; 3.918 ns                ;
; N/A                                     ; 240.38 MHz ( period = 4.160 ns )                    ; contador[0]  ; contador[29] ; clk        ; clk      ; None                        ; None                      ; 3.918 ns                ;
; N/A                                     ; 240.73 MHz ( period = 4.154 ns )                    ; contador[3]  ; contador[22] ; clk        ; clk      ; None                        ; None                      ; 3.911 ns                ;
; N/A                                     ; 241.49 MHz ( period = 4.141 ns )                    ; contador[3]  ; contador[20] ; clk        ; clk      ; None                        ; None                      ; 3.898 ns                ;
; N/A                                     ; 241.84 MHz ( period = 4.135 ns )                    ; contador[3]  ; contador[21] ; clk        ; clk      ; None                        ; None                      ; 3.892 ns                ;
; N/A                                     ; 242.42 MHz ( period = 4.125 ns )                    ; contador[8]  ; contador[24] ; clk        ; clk      ; None                        ; None                      ; 3.886 ns                ;
; N/A                                     ; 242.42 MHz ( period = 4.125 ns )                    ; contador[3]  ; contador[31] ; clk        ; clk      ; None                        ; None                      ; 3.883 ns                ;
; N/A                                     ; 243.19 MHz ( period = 4.112 ns )                    ; contador[6]  ; contador[19] ; clk        ; clk      ; None                        ; None                      ; 3.869 ns                ;
; N/A                                     ; 243.61 MHz ( period = 4.105 ns )                    ; contador[6]  ; contador[22] ; clk        ; clk      ; None                        ; None                      ; 3.862 ns                ;
; N/A                                     ; 244.14 MHz ( period = 4.096 ns )                    ; contador[21] ; contador[22] ; clk        ; clk      ; None                        ; None                      ; 3.857 ns                ;
; N/A                                     ; 244.20 MHz ( period = 4.095 ns )                    ; contador[21] ; contador[20] ; clk        ; clk      ; None                        ; None                      ; 3.856 ns                ;
; N/A                                     ; 244.20 MHz ( period = 4.095 ns )                    ; contador[21] ; contador[16] ; clk        ; clk      ; None                        ; None                      ; 3.856 ns                ;
; N/A                                     ; 244.26 MHz ( period = 4.094 ns )                    ; contador[21] ; contador[19] ; clk        ; clk      ; None                        ; None                      ; 3.855 ns                ;
; N/A                                     ; 244.38 MHz ( period = 4.092 ns )                    ; contador[21] ; contador[21] ; clk        ; clk      ; None                        ; None                      ; 3.853 ns                ;
; N/A                                     ; 244.44 MHz ( period = 4.091 ns )                    ; contador[21] ; contador[18] ; clk        ; clk      ; None                        ; None                      ; 3.852 ns                ;
; N/A                                     ; 244.62 MHz ( period = 4.088 ns )                    ; contador[2]  ; contador[30] ; clk        ; clk      ; None                        ; None                      ; 3.846 ns                ;
; N/A                                     ; 244.92 MHz ( period = 4.083 ns )                    ; contador[1]  ; contador[29] ; clk        ; clk      ; None                        ; None                      ; 3.841 ns                ;
; N/A                                     ; 244.98 MHz ( period = 4.082 ns )                    ; contador[0]  ; contador[16] ; clk        ; clk      ; None                        ; None                      ; 3.839 ns                ;
; N/A                                     ; 245.10 MHz ( period = 4.080 ns )                    ; contador[0]  ; contador[28] ; clk        ; clk      ; None                        ; None                      ; 3.838 ns                ;
; N/A                                     ; 245.16 MHz ( period = 4.079 ns )                    ; contador[3]  ; contador[18] ; clk        ; clk      ; None                        ; None                      ; 3.836 ns                ;
; N/A                                     ; 245.34 MHz ( period = 4.076 ns )                    ; contador[6]  ; contador[31] ; clk        ; clk      ; None                        ; None                      ; 3.834 ns                ;
; N/A                                     ; 247.22 MHz ( period = 4.045 ns )                    ; contador[3]  ; contador[30] ; clk        ; clk      ; None                        ; None                      ; 3.803 ns                ;
; N/A                                     ; 247.65 MHz ( period = 4.038 ns )                    ; contador[10] ; contador[22] ; clk        ; clk      ; None                        ; None                      ; 3.795 ns                ;
; N/A                                     ; 247.65 MHz ( period = 4.038 ns )                    ; contador[6]  ; contador[21] ; clk        ; clk      ; None                        ; None                      ; 3.795 ns                ;
; N/A                                     ; 247.71 MHz ( period = 4.037 ns )                    ; contador[10] ; contador[20] ; clk        ; clk      ; None                        ; None                      ; 3.794 ns                ;
; N/A                                     ; 247.77 MHz ( period = 4.036 ns )                    ; contador[12] ; contador[24] ; clk        ; clk      ; None                        ; None                      ; 3.797 ns                ;
; N/A                                     ; 247.89 MHz ( period = 4.034 ns )                    ; contador[11] ; contador[24] ; clk        ; clk      ; None                        ; None                      ; 3.795 ns                ;
; N/A                                     ; 248.08 MHz ( period = 4.031 ns )                    ; contador[10] ; contador[21] ; clk        ; clk      ; None                        ; None                      ; 3.788 ns                ;
; N/A                                     ; 248.14 MHz ( period = 4.030 ns )                    ; contador[6]  ; contador[18] ; clk        ; clk      ; None                        ; None                      ; 3.787 ns                ;
; N/A                                     ; 249.44 MHz ( period = 4.009 ns )                    ; contador[4]  ; contador[31] ; clk        ; clk      ; None                        ; None                      ; 3.767 ns                ;
; N/A                                     ; 249.50 MHz ( period = 4.008 ns )                    ; contador[2]  ; contador[29] ; clk        ; clk      ; None                        ; None                      ; 3.766 ns                ;
; N/A                                     ; 249.69 MHz ( period = 4.005 ns )                    ; contador[9]  ; contador[24] ; clk        ; clk      ; None                        ; None                      ; 3.766 ns                ;
; N/A                                     ; 249.81 MHz ( period = 4.003 ns )                    ; contador[1]  ; contador[28] ; clk        ; clk      ; None                        ; None                      ; 3.761 ns                ;
; N/A                                     ; 249.94 MHz ( period = 4.001 ns )                    ; contador[5]  ; contador[19] ; clk        ; clk      ; None                        ; None                      ; 3.758 ns                ;
; N/A                                     ; 250.00 MHz ( period = 4.000 ns )                    ; contador[0]  ; contador[27] ; clk        ; clk      ; None                        ; None                      ; 3.758 ns                ;
; N/A                                     ; 250.25 MHz ( period = 3.996 ns )                    ; contador[6]  ; contador[30] ; clk        ; clk      ; None                        ; None                      ; 3.754 ns                ;
; N/A                                     ; 250.38 MHz ( period = 3.994 ns )                    ; contador[5]  ; contador[22] ; clk        ; clk      ; None                        ; None                      ; 3.751 ns                ;
; N/A                                     ; 252.21 MHz ( period = 3.965 ns )                    ; contador[10] ; contador[24] ; clk        ; clk      ; None                        ; None                      ; 3.726 ns                ;
; N/A                                     ; 252.21 MHz ( period = 3.965 ns )                    ; contador[5]  ; contador[31] ; clk        ; clk      ; None                        ; None                      ; 3.723 ns                ;
; N/A                                     ; 252.21 MHz ( period = 3.965 ns )                    ; contador[3]  ; contador[29] ; clk        ; clk      ; None                        ; None                      ; 3.723 ns                ;
; N/A                                     ; 252.59 MHz ( period = 3.959 ns )                    ; contador[6]  ; contador[20] ; clk        ; clk      ; None                        ; None                      ; 3.716 ns                ;
; N/A                                     ; 252.59 MHz ( period = 3.959 ns )                    ; contador[28] ; contador[22] ; clk        ; clk      ; None                        ; None                      ; 3.719 ns                ;
; N/A                                     ; 252.65 MHz ( period = 3.958 ns )                    ; contador[28] ; contador[20] ; clk        ; clk      ; None                        ; None                      ; 3.718 ns                ;
; N/A                                     ; 252.65 MHz ( period = 3.958 ns )                    ; contador[28] ; contador[16] ; clk        ; clk      ; None                        ; None                      ; 3.718 ns                ;
; N/A                                     ; 252.72 MHz ( period = 3.957 ns )                    ; contador[28] ; contador[19] ; clk        ; clk      ; None                        ; None                      ; 3.717 ns                ;
; N/A                                     ; 252.84 MHz ( period = 3.955 ns )                    ; contador[28] ; contador[21] ; clk        ; clk      ; None                        ; None                      ; 3.715 ns                ;
; N/A                                     ; 252.91 MHz ( period = 3.954 ns )                    ; contador[28] ; contador[18] ; clk        ; clk      ; None                        ; None                      ; 3.714 ns                ;
; N/A                                     ; 253.61 MHz ( period = 3.943 ns )                    ; contador[3]  ; contador[16] ; clk        ; clk      ; None                        ; None                      ; 3.700 ns                ;
; N/A                                     ; 254.52 MHz ( period = 3.929 ns )                    ; contador[4]  ; contador[30] ; clk        ; clk      ; None                        ; None                      ; 3.687 ns                ;
; N/A                                     ; 254.58 MHz ( period = 3.928 ns )                    ; contador[2]  ; contador[28] ; clk        ; clk      ; None                        ; None                      ; 3.686 ns                ;
; N/A                                     ; 254.65 MHz ( period = 3.927 ns )                    ; contador[5]  ; contador[21] ; clk        ; clk      ; None                        ; None                      ; 3.684 ns                ;
; N/A                                     ; 254.91 MHz ( period = 3.923 ns )                    ; contador[27] ; contador[22] ; clk        ; clk      ; None                        ; None                      ; 3.683 ns                ;
; N/A                                     ; 254.91 MHz ( period = 3.923 ns )                    ; contador[1]  ; contador[27] ; clk        ; clk      ; None                        ; None                      ; 3.681 ns                ;
; N/A                                     ; 254.97 MHz ( period = 3.922 ns )                    ; contador[27] ; contador[20] ; clk        ; clk      ; None                        ; None                      ; 3.682 ns                ;
; N/A                                     ; 254.97 MHz ( period = 3.922 ns )                    ; contador[27] ; contador[16] ; clk        ; clk      ; None                        ; None                      ; 3.682 ns                ;
; N/A                                     ; 255.04 MHz ( period = 3.921 ns )                    ; contador[27] ; contador[19] ; clk        ; clk      ; None                        ; None                      ; 3.681 ns                ;
; N/A                                     ; 255.10 MHz ( period = 3.920 ns )                    ; contador[0]  ; contador[26] ; clk        ; clk      ; None                        ; None                      ; 3.678 ns                ;
; N/A                                     ; 255.17 MHz ( period = 3.919 ns )                    ; contador[27] ; contador[21] ; clk        ; clk      ; None                        ; None                      ; 3.679 ns                ;
; N/A                                     ; 255.17 MHz ( period = 3.919 ns )                    ; contador[5]  ; contador[18] ; clk        ; clk      ; None                        ; None                      ; 3.676 ns                ;
; N/A                                     ; 255.23 MHz ( period = 3.918 ns )                    ; contador[27] ; contador[18] ; clk        ; clk      ; None                        ; None                      ; 3.678 ns                ;
; N/A                                     ; 255.36 MHz ( period = 3.916 ns )                    ; contador[25] ; contador[22] ; clk        ; clk      ; None                        ; None                      ; 3.676 ns                ;
; N/A                                     ; 255.36 MHz ( period = 3.916 ns )                    ; contador[13] ; contador[24] ; clk        ; clk      ; None                        ; None                      ; 3.677 ns                ;
; N/A                                     ; 255.36 MHz ( period = 3.916 ns )                    ; contador[6]  ; contador[29] ; clk        ; clk      ; None                        ; None                      ; 3.674 ns                ;
; N/A                                     ; 255.43 MHz ( period = 3.915 ns )                    ; contador[25] ; contador[20] ; clk        ; clk      ; None                        ; None                      ; 3.675 ns                ;
; N/A                                     ; 255.43 MHz ( period = 3.915 ns )                    ; contador[25] ; contador[16] ; clk        ; clk      ; None                        ; None                      ; 3.675 ns                ;
; N/A                                     ; 255.49 MHz ( period = 3.914 ns )                    ; contador[25] ; contador[19] ; clk        ; clk      ; None                        ; None                      ; 3.674 ns                ;
; N/A                                     ; 255.62 MHz ( period = 3.912 ns )                    ; contador[25] ; contador[21] ; clk        ; clk      ; None                        ; None                      ; 3.672 ns                ;
; N/A                                     ; 255.62 MHz ( period = 3.912 ns )                    ; contador[0]  ; contador[14] ; clk        ; clk      ; None                        ; None                      ; 3.673 ns                ;
; N/A                                     ; 255.69 MHz ( period = 3.911 ns )                    ; contador[25] ; contador[18] ; clk        ; clk      ; None                        ; None                      ; 3.671 ns                ;
; N/A                                     ; 256.94 MHz ( period = 3.892 ns )                    ; contador[29] ; contador[22] ; clk        ; clk      ; None                        ; None                      ; 3.652 ns                ;
; N/A                                     ; 257.00 MHz ( period = 3.891 ns )                    ; contador[29] ; contador[20] ; clk        ; clk      ; None                        ; None                      ; 3.651 ns                ;
; N/A                                     ; 257.00 MHz ( period = 3.891 ns )                    ; contador[29] ; contador[16] ; clk        ; clk      ; None                        ; None                      ; 3.651 ns                ;
; N/A                                     ; 257.07 MHz ( period = 3.890 ns )                    ; contador[29] ; contador[19] ; clk        ; clk      ; None                        ; None                      ; 3.650 ns                ;
; N/A                                     ; 257.20 MHz ( period = 3.888 ns )                    ; contador[29] ; contador[21] ; clk        ; clk      ; None                        ; None                      ; 3.648 ns                ;
; N/A                                     ; 257.27 MHz ( period = 3.887 ns )                    ; contador[29] ; contador[18] ; clk        ; clk      ; None                        ; None                      ; 3.647 ns                ;
; N/A                                     ; 257.40 MHz ( period = 3.885 ns )                    ; contador[5]  ; contador[30] ; clk        ; clk      ; None                        ; None                      ; 3.643 ns                ;
; N/A                                     ; 257.40 MHz ( period = 3.885 ns )                    ; contador[3]  ; contador[28] ; clk        ; clk      ; None                        ; None                      ; 3.643 ns                ;
; N/A                                     ; 258.80 MHz ( period = 3.864 ns )                    ; contador[20] ; contador[6]  ; clk        ; clk      ; None                        ; None                      ; 3.629 ns                ;
; N/A                                     ; 258.80 MHz ( period = 3.864 ns )                    ; contador[20] ; clk_div~reg0 ; clk        ; clk      ; None                        ; None                      ; 3.629 ns                ;
; N/A                                     ; 258.87 MHz ( period = 3.863 ns )                    ; contador[20] ; contador[11] ; clk        ; clk      ; None                        ; None                      ; 3.628 ns                ;
; N/A                                     ; 258.93 MHz ( period = 3.862 ns )                    ; contador[20] ; contador[24] ; clk        ; clk      ; None                        ; None                      ; 3.627 ns                ;
; N/A                                     ; 259.13 MHz ( period = 3.859 ns )                    ; contador[20] ; contador[12] ; clk        ; clk      ; None                        ; None                      ; 3.624 ns                ;
; N/A                                     ; 259.20 MHz ( period = 3.858 ns )                    ; contador[20] ; contador[13] ; clk        ; clk      ; None                        ; None                      ; 3.623 ns                ;
; N/A                                     ; 259.47 MHz ( period = 3.854 ns )                    ; contador[0]  ; contador[13] ; clk        ; clk      ; None                        ; None                      ; 3.615 ns                ;
; N/A                                     ; 259.67 MHz ( period = 3.851 ns )                    ; contador[18] ; contador[22] ; clk        ; clk      ; None                        ; None                      ; 3.612 ns                ;
; N/A                                     ; 259.74 MHz ( period = 3.850 ns )                    ; contador[18] ; contador[20] ; clk        ; clk      ; None                        ; None                      ; 3.611 ns                ;
; N/A                                     ; 259.74 MHz ( period = 3.850 ns )                    ; contador[18] ; contador[16] ; clk        ; clk      ; None                        ; None                      ; 3.611 ns                ;
; N/A                                     ; 259.81 MHz ( period = 3.849 ns )                    ; contador[4]  ; contador[29] ; clk        ; clk      ; None                        ; None                      ; 3.607 ns                ;
; N/A                                     ; 259.81 MHz ( period = 3.849 ns )                    ; contador[18] ; contador[19] ; clk        ; clk      ; None                        ; None                      ; 3.610 ns                ;
; N/A                                     ; 259.88 MHz ( period = 3.848 ns )                    ; contador[5]  ; contador[20] ; clk        ; clk      ; None                        ; None                      ; 3.605 ns                ;
; N/A                                     ; 259.88 MHz ( period = 3.848 ns )                    ; contador[2]  ; contador[27] ; clk        ; clk      ; None                        ; None                      ; 3.606 ns                ;
; N/A                                     ; 259.94 MHz ( period = 3.847 ns )                    ; contador[18] ; contador[21] ; clk        ; clk      ; None                        ; None                      ; 3.608 ns                ;
; N/A                                     ; 260.01 MHz ( period = 3.846 ns )                    ; contador[18] ; contador[18] ; clk        ; clk      ; None                        ; None                      ; 3.607 ns                ;
; N/A                                     ; 260.21 MHz ( period = 3.843 ns )                    ; contador[1]  ; contador[26] ; clk        ; clk      ; None                        ; None                      ; 3.601 ns                ;
; N/A                                     ; 260.42 MHz ( period = 3.840 ns )                    ; contador[0]  ; contador[25] ; clk        ; clk      ; None                        ; None                      ; 3.598 ns                ;
; N/A                                     ; 260.48 MHz ( period = 3.839 ns )                    ; contador[10] ; contador[16] ; clk        ; clk      ; None                        ; None                      ; 3.596 ns                ;
; N/A                                     ; 260.55 MHz ( period = 3.838 ns )                    ; contador[10] ; contador[19] ; clk        ; clk      ; None                        ; None                      ; 3.595 ns                ;
; N/A                                     ; 260.55 MHz ( period = 3.838 ns )                    ; contador[6]  ; contador[16] ; clk        ; clk      ; None                        ; None                      ; 3.595 ns                ;
; N/A                                     ; 260.69 MHz ( period = 3.836 ns )                    ; contador[6]  ; contador[28] ; clk        ; clk      ; None                        ; None                      ; 3.594 ns                ;
; N/A                                     ; 260.76 MHz ( period = 3.835 ns )                    ; contador[10] ; contador[18] ; clk        ; clk      ; None                        ; None                      ; 3.592 ns                ;
; N/A                                     ; 260.76 MHz ( period = 3.835 ns )                    ; contador[1]  ; contador[14] ; clk        ; clk      ; None                        ; None                      ; 3.596 ns                ;
; N/A                                     ; 260.89 MHz ( period = 3.833 ns )                    ; contador[22] ; contador[6]  ; clk        ; clk      ; None                        ; None                      ; 3.598 ns                ;
; N/A                                     ; 260.89 MHz ( period = 3.833 ns )                    ; contador[22] ; clk_div~reg0 ; clk        ; clk      ; None                        ; None                      ; 3.598 ns                ;
; N/A                                     ; 260.96 MHz ( period = 3.832 ns )                    ; contador[22] ; contador[11] ; clk        ; clk      ; None                        ; None                      ; 3.597 ns                ;
; N/A                                     ; 261.03 MHz ( period = 3.831 ns )                    ; contador[22] ; contador[24] ; clk        ; clk      ; None                        ; None                      ; 3.596 ns                ;
; N/A                                     ; 261.23 MHz ( period = 3.828 ns )                    ; contador[22] ; contador[12] ; clk        ; clk      ; None                        ; None                      ; 3.593 ns                ;
; N/A                                     ; 261.30 MHz ( period = 3.827 ns )                    ; contador[22] ; contador[13] ; clk        ; clk      ; None                        ; None                      ; 3.592 ns                ;
; N/A                                     ; 262.33 MHz ( period = 3.812 ns )                    ; contador[7]  ; contador[19] ; clk        ; clk      ; None                        ; None                      ; 3.569 ns                ;
; N/A                                     ; 262.81 MHz ( period = 3.805 ns )                    ; contador[7]  ; contador[22] ; clk        ; clk      ; None                        ; None                      ; 3.562 ns                ;
; N/A                                     ; 262.81 MHz ( period = 3.805 ns )                    ; contador[3]  ; contador[27] ; clk        ; clk      ; None                        ; None                      ; 3.563 ns                ;
; N/A                                     ; 262.81 MHz ( period = 3.805 ns )                    ; contador[5]  ; contador[29] ; clk        ; clk      ; None                        ; None                      ; 3.563 ns                ;
; N/A                                     ; 263.57 MHz ( period = 3.794 ns )                    ; contador[26] ; contador[22] ; clk        ; clk      ; None                        ; None                      ; 3.554 ns                ;
; N/A                                     ; 263.64 MHz ( period = 3.793 ns )                    ; contador[26] ; contador[20] ; clk        ; clk      ; None                        ; None                      ; 3.553 ns                ;
; N/A                                     ; 263.64 MHz ( period = 3.793 ns )                    ; contador[26] ; contador[16] ; clk        ; clk      ; None                        ; None                      ; 3.553 ns                ;
; N/A                                     ; 263.71 MHz ( period = 3.792 ns )                    ; contador[26] ; contador[19] ; clk        ; clk      ; None                        ; None                      ; 3.552 ns                ;
; N/A                                     ; 263.85 MHz ( period = 3.790 ns )                    ; contador[26] ; contador[21] ; clk        ; clk      ; None                        ; None                      ; 3.550 ns                ;
; N/A                                     ; 263.92 MHz ( period = 3.789 ns )                    ; contador[26] ; contador[18] ; clk        ; clk      ; None                        ; None                      ; 3.549 ns                ;
; N/A                                     ; 264.06 MHz ( period = 3.787 ns )                    ; contador[14] ; contador[24] ; clk        ; clk      ; None                        ; None                      ; 3.548 ns                ;
; N/A                                     ; 264.76 MHz ( period = 3.777 ns )                    ; contador[1]  ; contador[13] ; clk        ; clk      ; None                        ; None                      ; 3.538 ns                ;
; N/A                                     ; 264.83 MHz ( period = 3.776 ns )                    ; contador[7]  ; contador[31] ; clk        ; clk      ; None                        ; None                      ; 3.534 ns                ;
; N/A                                     ; 264.90 MHz ( period = 3.775 ns )                    ; contador[0]  ; contador[12] ; clk        ; clk      ; None                        ; None                      ; 3.536 ns                ;
; N/A                                     ; 265.32 MHz ( period = 3.769 ns )                    ; contador[4]  ; contador[28] ; clk        ; clk      ; None                        ; None                      ; 3.527 ns                ;
; N/A                                     ; 265.39 MHz ( period = 3.768 ns )                    ; contador[2]  ; contador[26] ; clk        ; clk      ; None                        ; None                      ; 3.526 ns                ;
; N/A                                     ; 265.75 MHz ( period = 3.763 ns )                    ; contador[1]  ; contador[25] ; clk        ; clk      ; None                        ; None                      ; 3.521 ns                ;
; N/A                                     ; 265.96 MHz ( period = 3.760 ns )                    ; contador[2]  ; contador[14] ; clk        ; clk      ; None                        ; None                      ; 3.521 ns                ;
; N/A                                     ; 266.24 MHz ( period = 3.756 ns )                    ; contador[6]  ; contador[27] ; clk        ; clk      ; None                        ; None                      ; 3.514 ns                ;
; N/A                                     ; 266.52 MHz ( period = 3.752 ns )                    ; contador[19] ; contador[22] ; clk        ; clk      ; None                        ; None                      ; 3.513 ns                ;
; N/A                                     ; 266.60 MHz ( period = 3.751 ns )                    ; contador[19] ; contador[20] ; clk        ; clk      ; None                        ; None                      ; 3.512 ns                ;
; N/A                                     ; 266.60 MHz ( period = 3.751 ns )                    ; contador[19] ; contador[16] ; clk        ; clk      ; None                        ; None                      ; 3.512 ns                ;
; N/A                                     ; 266.67 MHz ( period = 3.750 ns )                    ; contador[19] ; contador[19] ; clk        ; clk      ; None                        ; None                      ; 3.511 ns                ;
; N/A                                     ; 266.81 MHz ( period = 3.748 ns )                    ; contador[19] ; contador[21] ; clk        ; clk      ; None                        ; None                      ; 3.509 ns                ;
; N/A                                     ; 266.88 MHz ( period = 3.747 ns )                    ; contador[19] ; contador[18] ; clk        ; clk      ; None                        ; None                      ; 3.508 ns                ;
; N/A                                     ; 267.52 MHz ( period = 3.738 ns )                    ; contador[7]  ; contador[21] ; clk        ; clk      ; None                        ; None                      ; 3.495 ns                ;
; N/A                                     ; 267.74 MHz ( period = 3.735 ns )                    ; contador[7]  ; contador[20] ; clk        ; clk      ; None                        ; None                      ; 3.492 ns                ;
; N/A                                     ; 268.10 MHz ( period = 3.730 ns )                    ; contador[7]  ; contador[18] ; clk        ; clk      ; None                        ; None                      ; 3.487 ns                ;
; N/A                                     ; 268.31 MHz ( period = 3.727 ns )                    ; contador[5]  ; contador[16] ; clk        ; clk      ; None                        ; None                      ; 3.484 ns                ;
; N/A                                     ; 268.46 MHz ( period = 3.725 ns )                    ; contador[3]  ; contador[26] ; clk        ; clk      ; None                        ; None                      ; 3.483 ns                ;
; N/A                                     ; 268.46 MHz ( period = 3.725 ns )                    ; contador[5]  ; contador[28] ; clk        ; clk      ; None                        ; None                      ; 3.483 ns                ;
; N/A                                     ; 268.60 MHz ( period = 3.723 ns )                    ; contador[11] ; contador[22] ; clk        ; clk      ; None                        ; None                      ; 3.480 ns                ;
; N/A                                     ; 268.67 MHz ( period = 3.722 ns )                    ; contador[11] ; contador[20] ; clk        ; clk      ; None                        ; None                      ; 3.479 ns                ;
; N/A                                     ; 269.03 MHz ( period = 3.717 ns )                    ; contador[3]  ; contador[14] ; clk        ; clk      ; None                        ; None                      ; 3.478 ns                ;
; N/A                                     ; 269.11 MHz ( period = 3.716 ns )                    ; contador[11] ; contador[21] ; clk        ; clk      ; None                        ; None                      ; 3.473 ns                ;
; N/A                                     ; 269.40 MHz ( period = 3.712 ns )                    ; contador[31] ; contador[22] ; clk        ; clk      ; None                        ; None                      ; 3.472 ns                ;
; N/A                                     ; 269.47 MHz ( period = 3.711 ns )                    ; contador[31] ; contador[20] ; clk        ; clk      ; None                        ; None                      ; 3.471 ns                ;
; N/A                                     ; 269.47 MHz ( period = 3.711 ns )                    ; contador[31] ; contador[16] ; clk        ; clk      ; None                        ; None                      ; 3.471 ns                ;
; N/A                                     ; 269.54 MHz ( period = 3.710 ns )                    ; contador[31] ; contador[19] ; clk        ; clk      ; None                        ; None                      ; 3.470 ns                ;
; N/A                                     ; 269.69 MHz ( period = 3.708 ns )                    ; contador[31] ; contador[21] ; clk        ; clk      ; None                        ; None                      ; 3.468 ns                ;
; N/A                                     ; 269.76 MHz ( period = 3.707 ns )                    ; contador[31] ; contador[18] ; clk        ; clk      ; None                        ; None                      ; 3.467 ns                ;
; N/A                                     ; 270.12 MHz ( period = 3.702 ns )                    ; contador[2]  ; contador[13] ; clk        ; clk      ; None                        ; None                      ; 3.463 ns                ;
; N/A                                     ; 270.42 MHz ( period = 3.698 ns )                    ; contador[1]  ; contador[12] ; clk        ; clk      ; None                        ; None                      ; 3.459 ns                ;
; N/A                                     ; 270.56 MHz ( period = 3.696 ns )                    ; contador[7]  ; contador[30] ; clk        ; clk      ; None                        ; None                      ; 3.454 ns                ;
; N/A                                     ; 270.86 MHz ( period = 3.692 ns )                    ; contador[1]  ; contador[11] ; clk        ; clk      ; None                        ; None                      ; 3.453 ns                ;
; Timing analysis restricted to 200 rows. ; To change the limit use Settings (Assignments menu) ;              ;              ;            ;          ;                             ;                           ;                         ;
+-----------------------------------------+-----------------------------------------------------+--------------+--------------+------------+----------+-----------------------------+---------------------------+-------------------------+


+-------------------------------------------------------------------------+
; tco                                                                     ;
+-------+--------------+------------+--------------+---------+------------+
; Slack ; Required tco ; Actual tco ; From         ; To      ; From Clock ;
+-------+--------------+------------+--------------+---------+------------+
; N/A   ; None         ; 7.694 ns   ; clk_div~reg0 ; clk_div ; clk        ;
+-------+--------------+------------+--------------+---------+------------+


+--------------------------+
; Timing Analyzer Messages ;
+--------------------------+
Info: *******************************************************************
Info: Running Quartus II Classic Timing Analyzer
    Info: Version 9.0 Build 235 06/17/2009 Service Pack 2 SJ Web Edition
    Info: Processing started: Fri Oct 02 08:24:59 2015
Info: Command: quartus_tan --read_settings_files=off --write_settings_files=off div_frec -c div_frec --timing_analysis_only
Warning: Found pins functioning as undefined clocks and/or memory enables
    Info: Assuming node "clk" is an undefined clock
Info: Clock "clk" has Internal fmax of 207.68 MHz between source register "contador[0]" and destination register "contador[24]" (period= 4.815 ns)
    Info: + Longest register to register delay is 4.576 ns
        Info: 1: + IC(0.000 ns) + CELL(0.000 ns) = 0.000 ns; Loc. = LCFF_X37_Y11_N1; Fanout = 3; REG Node = 'contador[0]'
        Info: 2: + IC(0.360 ns) + CELL(0.495 ns) = 0.855 ns; Loc. = LCCOMB_X37_Y11_N0; Fanout = 2; COMB Node = 'Add0~1'
        Info: 3: + IC(0.000 ns) + CELL(0.080 ns) = 0.935 ns; Loc. = LCCOMB_X37_Y11_N2; Fanout = 2; COMB Node = 'Add0~3'
        Info: 4: + IC(0.000 ns) + CELL(0.080 ns) = 1.015 ns; Loc. = LCCOMB_X37_Y11_N4; Fanout = 2; COMB Node = 'Add0~5'
        Info: 5: + IC(0.000 ns) + CELL(0.080 ns) = 1.095 ns; Loc. = LCCOMB_X37_Y11_N6; Fanout = 2; COMB Node = 'Add0~7'
        Info: 6: + IC(0.000 ns) + CELL(0.080 ns) = 1.175 ns; Loc. = LCCOMB_X37_Y11_N8; Fanout = 2; COMB Node = 'Add0~9'
        Info: 7: + IC(0.000 ns) + CELL(0.080 ns) = 1.255 ns; Loc. = LCCOMB_X37_Y11_N10; Fanout = 2; COMB Node = 'Add0~11'
        Info: 8: + IC(0.000 ns) + CELL(0.080 ns) = 1.335 ns; Loc. = LCCOMB_X37_Y11_N12; Fanout = 2; COMB Node = 'Add0~13'
        Info: 9: + IC(0.000 ns) + CELL(0.174 ns) = 1.509 ns; Loc. = LCCOMB_X37_Y11_N14; Fanout = 2; COMB Node = 'Add0~15'
        Info: 10: + IC(0.000 ns) + CELL(0.080 ns) = 1.589 ns; Loc. = LCCOMB_X37_Y11_N16; Fanout = 2; COMB Node = 'Add0~17'
        Info: 11: + IC(0.000 ns) + CELL(0.080 ns) = 1.669 ns; Loc. = LCCOMB_X37_Y11_N18; Fanout = 2; COMB Node = 'Add0~19'
        Info: 12: + IC(0.000 ns) + CELL(0.080 ns) = 1.749 ns; Loc. = LCCOMB_X37_Y11_N20; Fanout = 2; COMB Node = 'Add0~21'
        Info: 13: + IC(0.000 ns) + CELL(0.080 ns) = 1.829 ns; Loc. = LCCOMB_X37_Y11_N22; Fanout = 2; COMB Node = 'Add0~23'
        Info: 14: + IC(0.000 ns) + CELL(0.080 ns) = 1.909 ns; Loc. = LCCOMB_X37_Y11_N24; Fanout = 2; COMB Node = 'Add0~25'
        Info: 15: + IC(0.000 ns) + CELL(0.080 ns) = 1.989 ns; Loc. = LCCOMB_X37_Y11_N26; Fanout = 2; COMB Node = 'Add0~27'
        Info: 16: + IC(0.000 ns) + CELL(0.080 ns) = 2.069 ns; Loc. = LCCOMB_X37_Y11_N28; Fanout = 2; COMB Node = 'Add0~29'
        Info: 17: + IC(0.000 ns) + CELL(0.161 ns) = 2.230 ns; Loc. = LCCOMB_X37_Y11_N30; Fanout = 2; COMB Node = 'Add0~31'
        Info: 18: + IC(0.000 ns) + CELL(0.080 ns) = 2.310 ns; Loc. = LCCOMB_X37_Y10_N0; Fanout = 2; COMB Node = 'Add0~33'
        Info: 19: + IC(0.000 ns) + CELL(0.080 ns) = 2.390 ns; Loc. = LCCOMB_X37_Y10_N2; Fanout = 2; COMB Node = 'Add0~35'
        Info: 20: + IC(0.000 ns) + CELL(0.080 ns) = 2.470 ns; Loc. = LCCOMB_X37_Y10_N4; Fanout = 2; COMB Node = 'Add0~37'
        Info: 21: + IC(0.000 ns) + CELL(0.080 ns) = 2.550 ns; Loc. = LCCOMB_X37_Y10_N6; Fanout = 2; COMB Node = 'Add0~39'
        Info: 22: + IC(0.000 ns) + CELL(0.080 ns) = 2.630 ns; Loc. = LCCOMB_X37_Y10_N8; Fanout = 2; COMB Node = 'Add0~41'
        Info: 23: + IC(0.000 ns) + CELL(0.080 ns) = 2.710 ns; Loc. = LCCOMB_X37_Y10_N10; Fanout = 2; COMB Node = 'Add0~43'
        Info: 24: + IC(0.000 ns) + CELL(0.080 ns) = 2.790 ns; Loc. = LCCOMB_X37_Y10_N12; Fanout = 2; COMB Node = 'Add0~45'
        Info: 25: + IC(0.000 ns) + CELL(0.174 ns) = 2.964 ns; Loc. = LCCOMB_X37_Y10_N14; Fanout = 2; COMB Node = 'Add0~47'
        Info: 26: + IC(0.000 ns) + CELL(0.458 ns) = 3.422 ns; Loc. = LCCOMB_X37_Y10_N16; Fanout = 1; COMB Node = 'Add0~48'
        Info: 27: + IC(0.880 ns) + CELL(0.178 ns) = 4.480 ns; Loc. = LCCOMB_X38_Y11_N16; Fanout = 1; COMB Node = 'contador~43'
        Info: 28: + IC(0.000 ns) + CELL(0.096 ns) = 4.576 ns; Loc. = LCFF_X38_Y11_N17; Fanout = 3; REG Node = 'contador[24]'
        Info: Total cell delay = 3.336 ns ( 72.90 % )
        Info: Total interconnect delay = 1.240 ns ( 27.10 % )
    Info: - Smallest clock skew is 0.000 ns
        Info: + Shortest clock path from clock "clk" to destination register is 2.862 ns
            Info: 1: + IC(0.000 ns) + CELL(1.026 ns) = 1.026 ns; Loc. = PIN_M1; Fanout = 1; CLK Node = 'clk'
            Info: 2: + IC(0.238 ns) + CELL(0.000 ns) = 1.264 ns; Loc. = CLKCTRL_G3; Fanout = 33; COMB Node = 'clk~clkctrl'
            Info: 3: + IC(0.996 ns) + CELL(0.602 ns) = 2.862 ns; Loc. = LCFF_X38_Y11_N17; Fanout = 3; REG Node = 'contador[24]'
            Info: Total cell delay = 1.628 ns ( 56.88 % )
            Info: Total interconnect delay = 1.234 ns ( 43.12 % )
        Info: - Longest clock path from clock "clk" to source register is 2.862 ns
            Info: 1: + IC(0.000 ns) + CELL(1.026 ns) = 1.026 ns; Loc. = PIN_M1; Fanout = 1; CLK Node = 'clk'
            Info: 2: + IC(0.238 ns) + CELL(0.000 ns) = 1.264 ns; Loc. = CLKCTRL_G3; Fanout = 33; COMB Node = 'clk~clkctrl'
            Info: 3: + IC(0.996 ns) + CELL(0.602 ns) = 2.862 ns; Loc. = LCFF_X37_Y11_N1; Fanout = 3; REG Node = 'contador[0]'
            Info: Total cell delay = 1.628 ns ( 56.88 % )
            Info: Total interconnect delay = 1.234 ns ( 43.12 % )
    Info: + Micro clock to output delay of source is 0.277 ns
    Info: + Micro setup delay of destination is -0.038 ns
Info: tco from clock "clk" to destination pin "clk_div" through register "clk_div~reg0" is 7.694 ns
    Info: + Longest clock path from clock "clk" to source register is 2.862 ns
        Info: 1: + IC(0.000 ns) + CELL(1.026 ns) = 1.026 ns; Loc. = PIN_M1; Fanout = 1; CLK Node = 'clk'
        Info: 2: + IC(0.238 ns) + CELL(0.000 ns) = 1.264 ns; Loc. = CLKCTRL_G3; Fanout = 33; COMB Node = 'clk~clkctrl'
        Info: 3: + IC(0.996 ns) + CELL(0.602 ns) = 2.862 ns; Loc. = LCFF_X38_Y11_N9; Fanout = 2; REG Node = 'clk_div~reg0'
        Info: Total cell delay = 1.628 ns ( 56.88 % )
        Info: Total interconnect delay = 1.234 ns ( 43.12 % )
    Info: + Micro clock to output delay of source is 0.277 ns
    Info: + Longest register to pin delay is 4.555 ns
        Info: 1: + IC(0.000 ns) + CELL(0.000 ns) = 0.000 ns; Loc. = LCFF_X38_Y11_N9; Fanout = 2; REG Node = 'clk_div~reg0'
        Info: 2: + IC(1.539 ns) + CELL(3.016 ns) = 4.555 ns; Loc. = PIN_AB17; Fanout = 0; PIN Node = 'clk_div'
        Info: Total cell delay = 3.016 ns ( 66.21 % )
        Info: Total interconnect delay = 1.539 ns ( 33.79 % )
Info: Quartus II Classic Timing Analyzer was successful. 0 errors, 1 warning
    Info: Peak virtual memory: 179 megabytes
    Info: Processing ended: Fri Oct 02 08:24:59 2015
    Info: Elapsed time: 00:00:00
    Info: Total CPU time (on all processors): 00:00:00


