Classic Timing Analyzer report for gen_pulso_h
Fri Oct 23 08:32:40 2015
Quartus II Version 9.0 Build 235 06/17/2009 Service Pack 2 SJ Web Edition


---------------------
; Table of Contents ;
---------------------
  1. Legal Notice
  2. Timing Analyzer Summary
  3. Timing Analyzer Settings
  4. Parallel Compilation
  5. tpd
  6. Timing Analyzer Messages



----------------
; Legal Notice ;
----------------
Copyright (C) 1991-2009 Altera Corporation
Your use of Altera Corporation's design tools, logic functions 
and other software and tools, and its AMPP partner logic 
functions, and any output files from any of the foregoing 
(including device programming or simulation files), and any 
associated documentation or information are expressly subject 
to the terms and conditions of the Altera Program License 
Subscription Agreement, Altera MegaCore Function License 
Agreement, or other applicable license agreement, including, 
without limitation, that your use is for the sole purpose of 
programming logic devices manufactured by Altera and sold by 
Altera or its authorized distributors.  Please refer to the 
applicable agreement for further details.



+-----------------------------------------------------------------------------------------------------------------------------------+
; Timing Analyzer Summary                                                                                                           ;
+------------------------------+-------+---------------+-------------+--------------+--------+------------+----------+--------------+
; Type                         ; Slack ; Required Time ; Actual Time ; From         ; To     ; From Clock ; To Clock ; Failed Paths ;
+------------------------------+-------+---------------+-------------+--------------+--------+------------+----------+--------------+
; Worst-case tpd               ; N/A   ; None          ; 13.581 ns   ; entrada_h[1] ; sinc_h ; --         ; --       ; 0            ;
; Total number of failed paths ;       ;               ;             ;              ;        ;            ;          ; 0            ;
+------------------------------+-------+---------------+-------------+--------------+--------+------------+----------+--------------+


+--------------------------------------------------------------------------------------------------------------------+
; Timing Analyzer Settings                                                                                           ;
+---------------------------------------------------------------------+--------------------+------+----+-------------+
; Option                                                              ; Setting            ; From ; To ; Entity Name ;
+---------------------------------------------------------------------+--------------------+------+----+-------------+
; Device Name                                                         ; EP2C20F484C7       ;      ;    ;             ;
; Timing Models                                                       ; Final              ;      ;    ;             ;
; Default hold multicycle                                             ; Same as Multicycle ;      ;    ;             ;
; Cut paths between unrelated clock domains                           ; On                 ;      ;    ;             ;
; Cut off read during write signal paths                              ; On                 ;      ;    ;             ;
; Cut off feedback from I/O pins                                      ; On                 ;      ;    ;             ;
; Report Combined Fast/Slow Timing                                    ; Off                ;      ;    ;             ;
; Ignore Clock Settings                                               ; Off                ;      ;    ;             ;
; Analyze latches as synchronous elements                             ; On                 ;      ;    ;             ;
; Enable Recovery/Removal analysis                                    ; Off                ;      ;    ;             ;
; Enable Clock Latency                                                ; Off                ;      ;    ;             ;
; Use TimeQuest Timing Analyzer                                       ; Off                ;      ;    ;             ;
; Minimum Core Junction Temperature                                   ; 0                  ;      ;    ;             ;
; Maximum Core Junction Temperature                                   ; 85                 ;      ;    ;             ;
; Number of source nodes to report per destination node               ; 10                 ;      ;    ;             ;
; Number of destination nodes to report                               ; 10                 ;      ;    ;             ;
; Number of paths to report                                           ; 200                ;      ;    ;             ;
; Report Minimum Timing Checks                                        ; Off                ;      ;    ;             ;
; Use Fast Timing Models                                              ; Off                ;      ;    ;             ;
; Report IO Paths Separately                                          ; Off                ;      ;    ;             ;
; Perform Multicorner Analysis                                        ; On                 ;      ;    ;             ;
; Reports the worst-case path for each clock domain and analysis      ; Off                ;      ;    ;             ;
; Removes common clock path pessimism (CCPP) during slack computation ; Off                ;      ;    ;             ;
; Output I/O Timing Endpoint                                          ; Near End           ;      ;    ;             ;
+---------------------------------------------------------------------+--------------------+------+----+-------------+


Parallel compilation was disabled, but you have multiple processors available. Enable parallel compilation to reduce compilation time.
+-------------------------------------+
; Parallel Compilation                ;
+----------------------------+--------+
; Processors                 ; Number ;
+----------------------------+--------+
; Number detected on machine ; 2      ;
; Maximum allowed            ; 1      ;
+----------------------------+--------+


+----------------------------------------------------------------------+
; tpd                                                                  ;
+-------+-------------------+-----------------+---------------+--------+
; Slack ; Required P2P Time ; Actual P2P Time ; From          ; To     ;
+-------+-------------------+-----------------+---------------+--------+
; N/A   ; None              ; 13.581 ns       ; entrada_h[1]  ; sinc_h ;
; N/A   ; None              ; 13.326 ns       ; entrada_h[7]  ; sinc_h ;
; N/A   ; None              ; 13.324 ns       ; entrada_h[2]  ; sinc_h ;
; N/A   ; None              ; 13.265 ns       ; entrada_h[9]  ; sinc_h ;
; N/A   ; None              ; 13.149 ns       ; entrada_h[3]  ; sinc_h ;
; N/A   ; None              ; 12.746 ns       ; entrada_h[6]  ; sinc_h ;
; N/A   ; None              ; 12.641 ns       ; entrada_h[8]  ; sinc_h ;
; N/A   ; None              ; 12.215 ns       ; entrada_h[5]  ; sinc_h ;
; N/A   ; None              ; 12.169 ns       ; entrada_h[0]  ; sinc_h ;
; N/A   ; None              ; 12.062 ns       ; entrada_h[10] ; sinc_h ;
; N/A   ; None              ; 11.867 ns       ; entrada_h[4]  ; sinc_h ;
+-------+-------------------+-----------------+---------------+--------+


+--------------------------+
; Timing Analyzer Messages ;
+--------------------------+
Info: *******************************************************************
Info: Running Quartus II Classic Timing Analyzer
    Info: Version 9.0 Build 235 06/17/2009 Service Pack 2 SJ Web Edition
    Info: Processing started: Fri Oct 23 08:32:40 2015
Info: Command: quartus_tan --read_settings_files=off --write_settings_files=off gen_pulso_h -c gen_pulso_h --timing_analysis_only
Info: Longest tpd from source pin "entrada_h[1]" to destination pin "sinc_h" is 13.581 ns
    Info: 1: + IC(0.000 ns) + CELL(0.843 ns) = 0.843 ns; Loc. = PIN_D8; Fanout = 1; PIN Node = 'entrada_h[1]'
    Info: 2: + IC(6.131 ns) + CELL(0.512 ns) = 7.486 ns; Loc. = LCCOMB_X6_Y12_N2; Fanout = 1; COMB Node = 'LessThan0~1'
    Info: 3: + IC(0.542 ns) + CELL(0.545 ns) = 8.573 ns; Loc. = LCCOMB_X6_Y12_N6; Fanout = 1; COMB Node = 'LessThan0~3'
    Info: 4: + IC(2.022 ns) + CELL(2.986 ns) = 13.581 ns; Loc. = PIN_Y9; Fanout = 0; PIN Node = 'sinc_h'
    Info: Total cell delay = 4.886 ns ( 35.98 % )
    Info: Total interconnect delay = 8.695 ns ( 64.02 % )
Info: Quartus II Classic Timing Analyzer was successful. 0 errors, 0 warnings
    Info: Peak virtual memory: 203 megabytes
    Info: Processing ended: Fri Oct 23 08:32:40 2015
    Info: Elapsed time: 00:00:00
    Info: Total CPU time (on all processors): 00:00:00


