Classic Timing Analyzer report for four_bits_adder
Tue Sep 29 11:22:39 2015
Quartus II Version 9.0 Build 235 06/17/2009 Service Pack 2 SJ Web Edition


---------------------
; Table of Contents ;
---------------------
  1. Legal Notice
  2. Timing Analyzer Summary
  3. Timing Analyzer Settings
  4. Parallel Compilation
  5. tpd
  6. Timing Analyzer Messages



----------------
; Legal Notice ;
----------------
Copyright (C) 1991-2009 Altera Corporation
Your use of Altera Corporation's design tools, logic functions 
and other software and tools, and its AMPP partner logic 
functions, and any output files from any of the foregoing 
(including device programming or simulation files), and any 
associated documentation or information are expressly subject 
to the terms and conditions of the Altera Program License 
Subscription Agreement, Altera MegaCore Function License 
Agreement, or other applicable license agreement, including, 
without limitation, that your use is for the sole purpose of 
programming logic devices manufactured by Altera and sold by 
Altera or its authorized distributors.  Please refer to the 
applicable agreement for further details.



+-------------------------------------------------------------------------------------------------------------------------+
; Timing Analyzer Summary                                                                                                 ;
+------------------------------+-------+---------------+-------------+------+------+------------+----------+--------------+
; Type                         ; Slack ; Required Time ; Actual Time ; From ; To   ; From Clock ; To Clock ; Failed Paths ;
+------------------------------+-------+---------------+-------------+------+------+------------+----------+--------------+
; Worst-case tpd               ; N/A   ; None          ; 10.201 ns   ; a[1] ; s[1] ; --         ; --       ; 0            ;
; Total number of failed paths ;       ;               ;             ;      ;      ;            ;          ; 0            ;
+------------------------------+-------+---------------+-------------+------+------+------------+----------+--------------+


+--------------------------------------------------------------------------------------------------------------------+
; Timing Analyzer Settings                                                                                           ;
+---------------------------------------------------------------------+--------------------+------+----+-------------+
; Option                                                              ; Setting            ; From ; To ; Entity Name ;
+---------------------------------------------------------------------+--------------------+------+----+-------------+
; Device Name                                                         ; EP2S15F484C3       ;      ;    ;             ;
; Timing Models                                                       ; Final              ;      ;    ;             ;
; Default hold multicycle                                             ; Same as Multicycle ;      ;    ;             ;
; Cut paths between unrelated clock domains                           ; On                 ;      ;    ;             ;
; Cut off read during write signal paths                              ; On                 ;      ;    ;             ;
; Cut off feedback from I/O pins                                      ; On                 ;      ;    ;             ;
; Report Combined Fast/Slow Timing                                    ; Off                ;      ;    ;             ;
; Ignore Clock Settings                                               ; Off                ;      ;    ;             ;
; Analyze latches as synchronous elements                             ; On                 ;      ;    ;             ;
; Enable Recovery/Removal analysis                                    ; Off                ;      ;    ;             ;
; Enable Clock Latency                                                ; Off                ;      ;    ;             ;
; Use TimeQuest Timing Analyzer                                       ; Off                ;      ;    ;             ;
; Number of source nodes to report per destination node               ; 10                 ;      ;    ;             ;
; Number of destination nodes to report                               ; 10                 ;      ;    ;             ;
; Number of paths to report                                           ; 200                ;      ;    ;             ;
; Report Minimum Timing Checks                                        ; Off                ;      ;    ;             ;
; Use Fast Timing Models                                              ; Off                ;      ;    ;             ;
; Report IO Paths Separately                                          ; Off                ;      ;    ;             ;
; Perform Multicorner Analysis                                        ; On                 ;      ;    ;             ;
; Reports the worst-case path for each clock domain and analysis      ; Off                ;      ;    ;             ;
; Removes common clock path pessimism (CCPP) during slack computation ; Off                ;      ;    ;             ;
; Output I/O Timing Endpoint                                          ; Near End           ;      ;    ;             ;
+---------------------------------------------------------------------+--------------------+------+----+-------------+


Parallel compilation was disabled, but you have multiple processors available. Enable parallel compilation to reduce compilation time.
+-------------------------------------+
; Parallel Compilation                ;
+----------------------------+--------+
; Processors                 ; Number ;
+----------------------------+--------+
; Number detected on machine ; 2      ;
; Maximum allowed            ; 1      ;
+----------------------------+--------+


+-----------------------------------------------------------+
; tpd                                                       ;
+-------+-------------------+-----------------+------+------+
; Slack ; Required P2P Time ; Actual P2P Time ; From ; To   ;
+-------+-------------------+-----------------+------+------+
; N/A   ; None              ; 10.201 ns       ; a[1] ; s[1] ;
; N/A   ; None              ; 10.124 ns       ; a[0] ; s[1] ;
; N/A   ; None              ; 9.730 ns        ; a[0] ; s[0] ;
; N/A   ; None              ; 9.713 ns        ; b[0] ; s[1] ;
; N/A   ; None              ; 9.605 ns        ; b[1] ; s[1] ;
; N/A   ; None              ; 9.513 ns        ; a[1] ; s[2] ;
; N/A   ; None              ; 9.459 ns        ; a[1] ; s[4] ;
; N/A   ; None              ; 9.443 ns        ; a[1] ; s[3] ;
; N/A   ; None              ; 9.420 ns        ; a[0] ; s[2] ;
; N/A   ; None              ; 9.366 ns        ; a[0] ; s[4] ;
; N/A   ; None              ; 9.350 ns        ; a[0] ; s[3] ;
; N/A   ; None              ; 9.326 ns        ; b[0] ; s[0] ;
; N/A   ; None              ; 9.295 ns        ; b[2] ; s[2] ;
; N/A   ; None              ; 9.257 ns        ; b[2] ; s[4] ;
; N/A   ; None              ; 9.241 ns        ; b[2] ; s[3] ;
; N/A   ; None              ; 9.142 ns        ; a[2] ; s[2] ;
; N/A   ; None              ; 9.123 ns        ; a[2] ; s[4] ;
; N/A   ; None              ; 9.107 ns        ; a[2] ; s[3] ;
; N/A   ; None              ; 9.009 ns        ; b[0] ; s[2] ;
; N/A   ; None              ; 8.955 ns        ; b[0] ; s[4] ;
; N/A   ; None              ; 8.939 ns        ; b[0] ; s[3] ;
; N/A   ; None              ; 8.929 ns        ; b[1] ; s[2] ;
; N/A   ; None              ; 8.875 ns        ; b[1] ; s[4] ;
; N/A   ; None              ; 8.859 ns        ; b[1] ; s[3] ;
; N/A   ; None              ; 8.649 ns        ; a[3] ; s[4] ;
; N/A   ; None              ; 8.616 ns        ; b[3] ; s[4] ;
; N/A   ; None              ; 8.605 ns        ; a[3] ; s[3] ;
; N/A   ; None              ; 8.578 ns        ; b[3] ; s[3] ;
+-------+-------------------+-----------------+------+------+


+--------------------------+
; Timing Analyzer Messages ;
+--------------------------+
Info: *******************************************************************
Info: Running Quartus II Classic Timing Analyzer
    Info: Version 9.0 Build 235 06/17/2009 Service Pack 2 SJ Web Edition
    Info: Processing started: Tue Sep 29 11:22:39 2015
Info: Command: quartus_tan --read_settings_files=off --write_settings_files=off four_bits_adder -c four_bits_adder --timing_analysis_only
Info: Longest tpd from source pin "a[1]" to destination pin "s[1]" is 10.201 ns
    Info: 1: + IC(0.000 ns) + CELL(0.809 ns) = 0.809 ns; Loc. = PIN_AA12; Fanout = 2; PIN Node = 'a[1]'
    Info: 2: + IC(4.625 ns) + CELL(0.619 ns) = 6.053 ns; Loc. = LCCOMB_X26_Y15_N2; Fanout = 1; COMB Node = 'full_adder:conex2|WideXor0~5'
    Info: 3: + IC(2.014 ns) + CELL(2.134 ns) = 10.201 ns; Loc. = PIN_U4; Fanout = 0; PIN Node = 's[1]'
    Info: Total cell delay = 3.562 ns ( 34.92 % )
    Info: Total interconnect delay = 6.639 ns ( 65.08 % )
Info: Quartus II Classic Timing Analyzer was successful. 0 errors, 0 warnings
    Info: Peak virtual memory: 208 megabytes
    Info: Processing ended: Tue Sep 29 11:22:39 2015
    Info: Elapsed time: 00:00:00
    Info: Total CPU time (on all processors): 00:00:00


